2019-04-23 12:01:40,931 [Worker-2: Loading available Gradle versions] INFO  o.e.b.c.i.u.g.PublishedGradleVersions - Gradle version information cache is up-to-date. Trying to read.
2019-04-23 12:03:43,225 [Worker-9: Importing Maven projects] ERROR o.e.m.c.i.p.ProjectConfigurationManager - Project bonjour already exists
2019-04-23 12:03:43,722 [Worker-9: Importing Maven projects] ERROR o.e.m.c.i.p.ProjectConfigurationManager - Project LesFormations2 already exists
2019-04-23 12:03:43,761 [Worker-9: Importing Maven projects] ERROR o.e.m.c.i.p.ProjectConfigurationManager - Project OneToMany already exists
2019-04-23 12:03:44,644 [Worker-9: Importing Maven projects] INFO  o.e.m.c.i.l.LifecycleMappingFactory - Using org.eclipse.m2e.jdt.JarLifecycleMapping lifecycle mapping for MavenProject: org.formation.maven:bonjour:1 @ C:\Users\Adminl\Desktop\workspaceMarwa\bonjour\pom.xml.
2019-04-23 12:03:44,707 [Worker-9: Importing Maven projects] INFO  o.e.m.c.i.l.LifecycleMappingFactory - Using org.eclipse.m2e.jdt.JarLifecycleMapping lifecycle mapping for MavenProject: Mavenexemple:Calculatrice:0.0.1-SNAPSHOT @ C:\Users\Adminl\Desktop\workspaceMarwa\Calculatrice\pom.xml.
2019-04-23 12:03:44,778 [Worker-9: Importing Maven projects] INFO  o.e.m.c.i.l.LifecycleMappingFactory - Using org.eclipse.m2e.jdt.JarLifecycleMapping lifecycle mapping for MavenProject: PremierMaven:FirstMaven:0.0.1-SNAPSHOT @ C:\Users\Adminl\Desktop\workspaceMarwa\Chloé & Maxime\FirstMaven\pom.xml.
2019-04-23 12:03:44,847 [Worker-9: Importing Maven projects] INFO  o.e.m.c.i.l.LifecycleMappingFactory - Using org.eclipse.m2e.jdt.JarLifecycleMapping lifecycle mapping for MavenProject: marwaT:firstJPA:0.0.1-SNAPSHOT @ C:\Users\Adminl\Desktop\workspaceMarwa\firstJPA\pom.xml.
2019-04-23 12:03:45,007 [Worker-9: Importing Maven projects] INFO  o.e.m.c.i.l.LifecycleMappingFactory - Using org.eclipse.m2e.jdt.JarLifecycleMapping lifecycle mapping for MavenProject: Demande:LesFormations:0.0.1-SNAPSHOT @ C:\Users\Adminl\Desktop\workspaceMarwa\LesFormations\pom.xml.
2019-04-23 12:03:45,076 [Worker-9: Importing Maven projects] INFO  o.e.m.c.i.l.LifecycleMappingFactory - Using org.eclipse.m2e.jdt.JarLifecycleMapping lifecycle mapping for MavenProject: Demande:LesFormations2:0.0.1-SNAPSHOT @ C:\Users\Adminl\Desktop\workspaceMarwa\LesFormations2\pom.xml.
2019-04-23 12:03:45,283 [Worker-9: Importing Maven projects] INFO  o.e.m.c.i.l.LifecycleMappingFactory - Using org.eclipse.m2e.jdt.JarLifecycleMapping lifecycle mapping for MavenProject: ProjetMarwa:OneToMany:0.0.1-SNAPSHOT @ C:\Users\Adminl\Desktop\workspaceMarwa\OneToMany\pom.xml.
2019-04-23 12:03:45,392 [Worker-9: Importing Maven projects] INFO  o.e.m.c.i.l.LifecycleMappingFactory - Using org.eclipse.m2e.jdt.JarLifecycleMapping lifecycle mapping for MavenProject: org.formation.Marwa:OneToOne:0.0.1-SNAPSHOT @ C:\Users\Adminl\Desktop\workspaceMarwa\OneToOne\pom.xml.
2019-04-23 12:03:45,486 [Worker-9: Importing Maven projects] INFO  o.e.m.c.i.l.LifecycleMappingFactory - Using org.eclipse.m2e.jdt.JarLifecycleMapping lifecycle mapping for MavenProject: org.formation:projetMaven:0.0.1-SNAPSHOT @ C:\Users\Adminl\Desktop\workspaceMarwa\projetMaven\pom.xml.
2019-04-23 12:03:50,966 [Worker-9: Importing Maven projects] INFO  o.e.m.j.i.AbstractJavaProjectConfigurator - Adding source folder /FirstMaven/src/main/java
2019-04-23 12:03:50,967 [Worker-9: Importing Maven projects] INFO  o.e.m.j.i.AbstractJavaProjectConfigurator - Adding resource folder /FirstMaven/src/main/resources
2019-04-23 12:03:50,968 [Worker-9: Importing Maven projects] INFO  o.e.m.j.i.AbstractJavaProjectConfigurator - Adding source folder /FirstMaven/src/test/java
2019-04-23 12:03:50,974 [Worker-9: Importing Maven projects] INFO  o.e.m.j.i.AbstractJavaProjectConfigurator - Adding resource folder /FirstMaven/src/test/resources
2019-04-23 12:03:51,053 [Worker-9: Importing Maven projects] INFO  o.e.m.j.i.AbstractJavaProjectConfigurator - Adding source folder /firstJPA/src/main/java
2019-04-23 12:03:51,053 [Worker-9: Importing Maven projects] INFO  o.e.m.j.i.AbstractJavaProjectConfigurator - Adding resource folder /firstJPA/src/main/resources
2019-04-23 12:03:51,054 [Worker-9: Importing Maven projects] INFO  o.e.m.j.i.AbstractJavaProjectConfigurator - Adding source folder /firstJPA/src/test/java
2019-04-23 12:03:51,064 [Worker-9: Importing Maven projects] INFO  o.e.m.j.i.AbstractJavaProjectConfigurator - Adding resource folder /firstJPA/src/test/resources
2019-04-23 12:03:51,631 [Worker-9: Importing Maven projects] INFO  o.e.m.j.i.AbstractJavaProjectConfigurator - Adding source folder /Calculatrice/src/main/java
2019-04-23 12:03:51,632 [Worker-9: Importing Maven projects] INFO  o.e.m.j.i.AbstractJavaProjectConfigurator - Adding resource folder /Calculatrice/src/main/resources
2019-04-23 12:03:51,632 [Worker-9: Importing Maven projects] INFO  o.e.m.j.i.AbstractJavaProjectConfigurator - Adding source folder /Calculatrice/src/test/java
2019-04-23 12:03:51,636 [Worker-9: Importing Maven projects] INFO  o.e.m.j.i.AbstractJavaProjectConfigurator - Adding resource folder /Calculatrice/src/test/resources
2019-04-23 12:03:51,676 [Worker-9: Importing Maven projects] INFO  o.e.m.j.i.AbstractJavaProjectConfigurator - Adding source folder /LesFormations2/src/main/java
2019-04-23 12:03:51,676 [Worker-9: Importing Maven projects] INFO  o.e.m.j.i.AbstractJavaProjectConfigurator - Adding resource folder /LesFormations2/src/main/resources
2019-04-23 12:03:51,677 [Worker-9: Importing Maven projects] INFO  o.e.m.j.i.AbstractJavaProjectConfigurator - Adding source folder /LesFormations2/src/test/java
2019-04-23 12:03:51,677 [Worker-9: Importing Maven projects] INFO  o.e.m.j.i.AbstractJavaProjectConfigurator - Adding resource folder /LesFormations2/src/test/resources
2019-04-23 12:03:51,719 [Worker-9: Importing Maven projects] INFO  o.e.m.j.i.AbstractJavaProjectConfigurator - Adding source folder /projetMaven/src/main/java
2019-04-23 12:03:51,719 [Worker-9: Importing Maven projects] INFO  o.e.m.j.i.AbstractJavaProjectConfigurator - Adding resource folder /projetMaven/src/main/resources
2019-04-23 12:03:51,720 [Worker-9: Importing Maven projects] INFO  o.e.m.j.i.AbstractJavaProjectConfigurator - Adding source folder /projetMaven/src/test/java
2019-04-23 12:03:51,724 [Worker-9: Importing Maven projects] INFO  o.e.m.j.i.AbstractJavaProjectConfigurator - Adding resource folder /projetMaven/src/test/resources
2019-04-23 12:03:51,750 [Worker-9: Importing Maven projects] INFO  o.e.m.j.i.AbstractJavaProjectConfigurator - Adding source folder /LesFormations/src/main/java
2019-04-23 12:03:51,750 [Worker-9: Importing Maven projects] INFO  o.e.m.j.i.AbstractJavaProjectConfigurator - Adding resource folder /LesFormations/src/main/resources
2019-04-23 12:03:51,750 [Worker-9: Importing Maven projects] INFO  o.e.m.j.i.AbstractJavaProjectConfigurator - Adding source folder /LesFormations/src/test/java
2019-04-23 12:03:51,751 [Worker-9: Importing Maven projects] INFO  o.e.m.j.i.AbstractJavaProjectConfigurator - Adding resource folder /LesFormations/src/test/resources
2019-04-23 12:03:51,779 [Worker-9: Importing Maven projects] INFO  o.e.m.j.i.AbstractJavaProjectConfigurator - Not adding source folder /bonjour/src/main/java because it overlaps with /bonjour/src
2019-04-23 12:03:51,779 [Worker-9: Importing Maven projects] INFO  o.e.m.j.i.AbstractJavaProjectConfigurator - Not adding source folder /bonjour/src/test/java because it overlaps with /bonjour/src
2019-04-23 12:03:51,831 [Worker-9: Importing Maven projects] INFO  o.e.m.j.i.AbstractJavaProjectConfigurator - Adding source folder /OneToMany/src/main/java
2019-04-23 12:03:51,832 [Worker-9: Importing Maven projects] INFO  o.e.m.j.i.AbstractJavaProjectConfigurator - Adding resource folder /OneToMany/src/main/resources
2019-04-23 12:03:51,832 [Worker-9: Importing Maven projects] INFO  o.e.m.j.i.AbstractJavaProjectConfigurator - Adding source folder /OneToMany/src/test/java
2019-04-23 12:03:51,833 [Worker-9: Importing Maven projects] INFO  o.e.m.j.i.AbstractJavaProjectConfigurator - Adding resource folder /OneToMany/src/test/resources
2019-04-23 12:03:51,917 [Worker-9: Importing Maven projects] INFO  o.e.m.j.i.AbstractJavaProjectConfigurator - Adding source folder /OneToOne/src/main/java
2019-04-23 12:03:51,918 [Worker-9: Importing Maven projects] INFO  o.e.m.j.i.AbstractJavaProjectConfigurator - Adding resource folder /OneToOne/src/main/resources
2019-04-23 12:03:51,918 [Worker-9: Importing Maven projects] INFO  o.e.m.j.i.AbstractJavaProjectConfigurator - Adding source folder /OneToOne/src/test/java
2019-04-23 12:03:51,918 [Worker-9: Importing Maven projects] INFO  o.e.m.j.i.AbstractJavaProjectConfigurator - Adding resource folder /OneToOne/src/test/resources
2019-04-23 12:03:52,007 [Worker-9: Importing Maven projects] INFO  o.e.m.c.i.p.ProjectConfigurationManager - Imported and configured 12 project(s) in 9 sec
2019-04-23 12:03:54,663 [Worker-12: Building workspace] WARN  o.e.m.c.i.embedder.EclipseLogger - Using platform encoding (Cp1252 actually) to copy filtered resources, i.e. build is platform dependent!
2019-04-23 12:03:54,679 [Worker-12: Building workspace] INFO  o.e.m.c.i.embedder.EclipseLogger - Copying 0 resource
2019-04-23 12:03:54,682 [Worker-12: Building workspace] WARN  o.e.m.c.i.embedder.EclipseLogger - Using platform encoding (Cp1252 actually) to copy filtered resources, i.e. build is platform dependent!
2019-04-23 12:03:54,689 [Worker-12: Building workspace] INFO  o.e.m.c.i.embedder.EclipseLogger - Copying 0 resource
2019-04-23 12:03:54,732 [Worker-12: Building workspace] WARN  o.e.m.c.i.embedder.EclipseLogger - Using platform encoding (Cp1252 actually) to copy filtered resources, i.e. build is platform dependent!
2019-04-23 12:03:54,742 [Worker-12: Building workspace] INFO  o.e.m.c.i.embedder.EclipseLogger - Copying 0 resource
2019-04-23 12:03:54,744 [Worker-12: Building workspace] WARN  o.e.m.c.i.embedder.EclipseLogger - Using platform encoding (Cp1252 actually) to copy filtered resources, i.e. build is platform dependent!
2019-04-23 12:03:54,756 [Worker-12: Building workspace] INFO  o.e.m.c.i.embedder.EclipseLogger - Copying 0 resource
2019-04-23 12:03:54,975 [Worker-12: Building workspace] WARN  o.e.m.c.i.embedder.EclipseLogger - Using platform encoding (Cp1252 actually) to copy filtered resources, i.e. build is platform dependent!
2019-04-23 12:03:54,981 [Worker-12: Building workspace] INFO  o.e.m.c.i.embedder.EclipseLogger - Copying 0 resource
2019-04-23 12:03:54,982 [Worker-12: Building workspace] WARN  o.e.m.c.i.embedder.EclipseLogger - Using platform encoding (Cp1252 actually) to copy filtered resources, i.e. build is platform dependent!
2019-04-23 12:03:54,987 [Worker-12: Building workspace] INFO  o.e.m.c.i.embedder.EclipseLogger - Copying 0 resource
2019-04-23 12:03:55,082 [Worker-12: Building workspace] WARN  o.e.m.c.i.embedder.EclipseLogger - Using platform encoding (Cp1252 actually) to copy filtered resources, i.e. build is platform dependent!
2019-04-23 12:03:55,087 [Worker-12: Building workspace] INFO  o.e.m.c.i.embedder.EclipseLogger - Copying 0 resource
2019-04-23 12:03:55,088 [Worker-12: Building workspace] WARN  o.e.m.c.i.embedder.EclipseLogger - Using platform encoding (Cp1252 actually) to copy filtered resources, i.e. build is platform dependent!
2019-04-23 12:03:55,095 [Worker-12: Building workspace] INFO  o.e.m.c.i.embedder.EclipseLogger - Copying 0 resource
2019-04-23 12:03:55,393 [Worker-12: Building workspace] WARN  o.e.m.c.i.embedder.EclipseLogger - Using platform encoding (Cp1252 actually) to copy filtered resources, i.e. build is platform dependent!
2019-04-23 12:03:55,399 [Worker-12: Building workspace] INFO  o.e.m.c.i.embedder.EclipseLogger - Copying 1 resource
2019-04-23 12:03:55,408 [Worker-12: Building workspace] WARN  o.e.m.c.i.embedder.EclipseLogger - Using platform encoding (Cp1252 actually) to copy filtered resources, i.e. build is platform dependent!
2019-04-23 12:03:55,415 [Worker-12: Building workspace] INFO  o.e.m.c.i.embedder.EclipseLogger - Copying 0 resource
2019-04-23 12:03:55,809 [Worker-2: Building workspace] WARN  o.e.m.c.i.embedder.EclipseLogger - Using platform encoding (Cp1252 actually) to copy filtered resources, i.e. build is platform dependent!
2019-04-23 12:03:55,816 [Worker-2: Building workspace] INFO  o.e.m.c.i.embedder.EclipseLogger - Copying 1 resource
2019-04-23 12:03:55,824 [Worker-2: Building workspace] WARN  o.e.m.c.i.embedder.EclipseLogger - Using platform encoding (Cp1252 actually) to copy filtered resources, i.e. build is platform dependent!
2019-04-23 12:03:55,831 [Worker-2: Building workspace] INFO  o.e.m.c.i.embedder.EclipseLogger - Copying 0 resource
2019-04-23 12:03:55,887 [Worker-2: Building workspace] WARN  o.e.m.c.i.embedder.EclipseLogger - Using platform encoding (Cp1252 actually) to copy filtered resources, i.e. build is platform dependent!
2019-04-23 12:03:55,894 [Worker-2: Building workspace] INFO  o.e.m.c.i.embedder.EclipseLogger - skip non existing resourceDirectory C:\Users\Adminl\Desktop\workspaceMarwa\bonjour\src\main\resources
2019-04-23 12:03:55,895 [Worker-2: Building workspace] WARN  o.e.m.c.i.embedder.EclipseLogger - Using platform encoding (Cp1252 actually) to copy filtered resources, i.e. build is platform dependent!
2019-04-23 12:03:55,901 [Worker-2: Building workspace] INFO  o.e.m.c.i.embedder.EclipseLogger - skip non existing resourceDirectory C:\Users\Adminl\Desktop\workspaceMarwa\bonjour\src\test\resources
2019-04-23 12:03:56,554 [Worker-4: Building workspace] WARN  o.e.m.c.i.embedder.EclipseLogger - Using platform encoding (Cp1252 actually) to copy filtered resources, i.e. build is platform dependent!
2019-04-23 12:03:56,559 [Worker-4: Building workspace] INFO  o.e.m.c.i.embedder.EclipseLogger - Copying 1 resource
2019-04-23 12:03:56,564 [Worker-4: Building workspace] WARN  o.e.m.c.i.embedder.EclipseLogger - Using platform encoding (Cp1252 actually) to copy filtered resources, i.e. build is platform dependent!
2019-04-23 12:03:56,570 [Worker-4: Building workspace] INFO  o.e.m.c.i.embedder.EclipseLogger - Copying 0 resource
2019-04-23 12:03:56,606 [Worker-4: Building workspace] WARN  o.e.m.c.i.embedder.EclipseLogger - Using platform encoding (Cp1252 actually) to copy filtered resources, i.e. build is platform dependent!
2019-04-23 12:03:56,613 [Worker-4: Building workspace] INFO  o.e.m.c.i.embedder.EclipseLogger - Copying 0 resource
2019-04-23 12:03:56,615 [Worker-4: Building workspace] WARN  o.e.m.c.i.embedder.EclipseLogger - Using platform encoding (Cp1252 actually) to copy filtered resources, i.e. build is platform dependent!
2019-04-23 12:03:56,619 [Worker-4: Building workspace] INFO  o.e.m.c.i.embedder.EclipseLogger - Copying 0 resource
